<?xml version="1.0" encoding="UTF-8"?>
<testsuite name="io.cucumber.RunCucumberTest" tests="0" skipped="0" failures="0" errors="0" timestamp="1970-01-01T00:00:00" hostname="operationss-Mac-mini-2.local" time="0.0">
  <properties/>
  <system-out><![CDATA[]]></system-out>
  <system-err><![CDATA[Sep 01, 2020 5:30:07 PM cucumber.runtime.filter.TagExpressionOld isOldTagExpression
WARNING: Found tags option '~@login'. Support for '~@tag' will be removed from the next release of Cucumber-JVM. Please use 'not @tag' instead.
]]></system-err>
</testsuite>
